<?xml version="1.0" encoding="UTF-8"?>
<testsuite xmlns:xsi="http://www.w3.org/2001/XMLSchema-instance" xsi:noNamespaceSchemaLocation="https://maven.apache.org/surefire/maven-surefire-plugin/xsd/surefire-test-report.xsd" name="fr.univavignon.pokedex.api.IPokedexTest" time="0" tests="11" errors="0" skipped="0" failures="0">
  <properties>
[...]
</properties>
  <testcase name="shouldThrowPokedexException_WhenGetPokemon151" classname="fr.univavignon.pokedex.api.IPokedexTest" time="0"/>
  <testcase name="shouldReturn0_WhenBulbizarreAdded" classname="fr.univavignon.pokedex.api.IPokedexTest" time="0"/>
  <testcase name="shouldReturnPokemonsSortedByIndex_WhenGetPokemonsPokemonComparatorIndex" classname="fr.univavignon.pokedex.api.IPokedexTest" time="0"/>
  <testcase name="shouldReturnBulbizarre_WhenGetPokemon0" classname="fr.univavignon.pokedex.api.IPokedexTest" time="0"/>
  <testcase name="shouldThrowPokedexExceptionWhenGetMetadata25" classname="fr.univavignon.pokedex.api.IPokedexTest" time="0"/>
  <testcase name="shouldReturn0_WhenPokedexSize" classname="fr.univavignon.pokedex.api.IPokedexTest" time="0"/>
  <testcase name="shouldReturnPokemonMetadataBulbizarreWhenGetMetadata" classname="fr.univavignon.pokedex.api.IPokedexTest" time="0"/>
  <testcase name="shouldReturnPokemons_WhenGetPokemons" classname="fr.univavignon.pokedex.api.IPokedexTest" time="0"/>
  <testcase name="shouldReturnPokemonBulbizarreWhenCreated" classname="fr.univavignon.pokedex.api.IPokedexTest" time="0"/>
  <testcase name="shouldThrowPokedexException_WhenGetPokemon26" classname="fr.univavignon.pokedex.api.IPokedexTest" time="0"/>
  <testcase name="shouldThrowPokedexException_WhenGetPokemonNegative" classname="fr.univavignon.pokedex.api.IPokedexTest" time="0"/>
</testsuite>